2023-04-19 13:15:35,529 [Worker-3: Loading available Gradle versions] INFO  o.e.b.c.i.u.g.PublishedGradleVersions - Gradle version information cache is out-of-date. Trying to update.
2023-04-19 13:15:36,244 [Worker-3: Loading available Gradle versions] INFO  o.e.b.c.i.u.g.PublishedGradleVersions - Updating Gradle version information cache failed. Using outdated cache.
2023-04-19 13:21:42,078 [Worker-7: Creating maven-archetype-quickstart] INFO  o.e.m.c.i.p.ProjectConfigurationManager - Collecting project info '/pom.xml' D:\projects\Year-2023\Apr'23\Java Collections\codews\student-db-java-app\pom.xml
2023-04-19 13:21:44,400 [Worker-7: Creating maven-archetype-quickstart] INFO  o.e.m.c.i.l.LifecycleMappingFactory - Using org.eclipse.m2e.jdt.JarLifecycleMapping lifecycle mapping for MavenProject: com.training.example.java:student-db-java-app:0.0.1-SNAPSHOT @ D:\projects\Year-2023\Apr'23\Java Collections\codews\student-db-java-app\pom.xml.
2023-04-19 13:21:45,392 [Worker-7: Creating maven-archetype-quickstart] INFO  o.e.m.j.i.AbstractJavaProjectConfigurator - Adding source folder /student-db-java-app/src/main/java
2023-04-19 13:21:45,404 [Worker-7: Creating maven-archetype-quickstart] INFO  o.e.m.j.i.AbstractJavaProjectConfigurator - Adding source folder /student-db-java-app/src/test/java
2023-04-19 13:21:46,536 [Worker-7: Creating maven-archetype-quickstart] INFO  o.e.m.c.i.p.ProjectConfigurationManager - Imported and configured 1 project(s) in 4 sec
2023-04-19 13:21:47,445 [Worker-26: Building] INFO  o.e.m.c.i.embedder.EclipseLogger - Using 'UTF-8' encoding to copy filtered resources.
2023-04-19 13:21:47,445 [Worker-26: Building] INFO  o.e.m.c.i.embedder.EclipseLogger - skip non existing resourceDirectory D:\projects\Year-2023\Apr'23\Java Collections\codews\student-db-java-app\src\main\resources
2023-04-19 13:21:47,447 [Worker-26: Building] INFO  o.e.m.c.i.embedder.EclipseLogger - Using 'UTF-8' encoding to copy filtered resources.
2023-04-19 13:21:47,448 [Worker-26: Building] INFO  o.e.m.c.i.embedder.EclipseLogger - skip non existing resourceDirectory D:\projects\Year-2023\Apr'23\Java Collections\codews\student-db-java-app\src\test\resources
2023-04-19 13:25:18,021 [Worker-7: Building] INFO  o.e.m.c.i.l.LifecycleMappingFactory - Using org.eclipse.m2e.jdt.JarLifecycleMapping lifecycle mapping for MavenProject: com.training.example.java:student-db-java-app:0.0.1-SNAPSHOT @ D:\projects\Year-2023\Apr'23\Java Collections\codews\student-db-java-app\pom.xml.
2023-04-19 13:25:18,183 [Worker-7: Building] INFO  o.e.m.c.i.embedder.EclipseLogger - Using 'UTF-8' encoding to copy filtered resources.
2023-04-19 13:25:18,183 [Worker-7: Building] INFO  o.e.m.c.i.embedder.EclipseLogger - skip non existing resourceDirectory D:\projects\Year-2023\Apr'23\Java Collections\codews\student-db-java-app\src\main\resources
2023-04-19 13:25:18,185 [Worker-7: Building] INFO  o.e.m.c.i.embedder.EclipseLogger - Using 'UTF-8' encoding to copy filtered resources.
2023-04-19 13:25:18,185 [Worker-7: Building] INFO  o.e.m.c.i.embedder.EclipseLogger - skip non existing resourceDirectory D:\projects\Year-2023\Apr'23\Java Collections\codews\student-db-java-app\src\test\resources
2023-04-19 13:25:51,417 [Worker-7: Updating Maven Project] INFO  o.e.m.c.i.p.ProjectConfigurationManager - Update started
2023-04-19 13:25:51,878 [Worker-7: Updating Maven Project] INFO  o.e.m.c.i.l.LifecycleMappingFactory - Using org.eclipse.m2e.jdt.JarLifecycleMapping lifecycle mapping for MavenProject: com.training.example.java:student-db-java-app:0.0.1-SNAPSHOT @ D:\projects\Year-2023\Apr'23\Java Collections\codews\student-db-java-app\pom.xml.
2023-04-19 13:25:52,046 [Worker-7: Updating Maven Project] INFO  o.e.m.j.i.AbstractJavaProjectConfigurator - Adding source folder /student-db-java-app/src/main/java
2023-04-19 13:25:52,047 [Worker-7: Updating Maven Project] INFO  o.e.m.j.i.AbstractJavaProjectConfigurator - Adding source folder /student-db-java-app/src/test/java
2023-04-19 13:25:52,242 [Worker-7: Updating Maven Project] INFO  o.e.m.c.i.p.ProjectConfigurationManager - Update completed: 0 sec
2023-04-19 13:25:52,414 [Worker-32: Building] INFO  o.e.m.c.i.embedder.EclipseLogger - Using 'UTF-8' encoding to copy filtered resources.
2023-04-19 13:25:52,414 [Worker-32: Building] INFO  o.e.m.c.i.embedder.EclipseLogger - skip non existing resourceDirectory D:\projects\Year-2023\Apr'23\Java Collections\codews\student-db-java-app\src\main\resources
2023-04-19 13:25:52,416 [Worker-32: Building] INFO  o.e.m.c.i.embedder.EclipseLogger - Using 'UTF-8' encoding to copy filtered resources.
2023-04-19 13:25:52,416 [Worker-32: Building] INFO  o.e.m.c.i.embedder.EclipseLogger - skip non existing resourceDirectory D:\projects\Year-2023\Apr'23\Java Collections\codews\student-db-java-app\src\test\resources
2023-04-19 13:26:25,065 [Worker-7: Building] INFO  o.e.m.c.i.l.LifecycleMappingFactory - Using org.eclipse.m2e.jdt.JarLifecycleMapping lifecycle mapping for MavenProject: com.training.example.java:student-db-java-app:0.0.1-SNAPSHOT @ D:\projects\Year-2023\Apr'23\Java Collections\codews\student-db-java-app\pom.xml.
2023-04-19 13:26:25,203 [Worker-7: Building] INFO  o.e.m.c.i.embedder.EclipseLogger - Using 'UTF-8' encoding to copy filtered resources.
2023-04-19 13:26:25,204 [Worker-7: Building] INFO  o.e.m.c.i.embedder.EclipseLogger - skip non existing resourceDirectory D:\projects\Year-2023\Apr'23\Java Collections\codews\student-db-java-app\src\main\resources
2023-04-19 13:26:25,205 [Worker-7: Building] INFO  o.e.m.c.i.embedder.EclipseLogger - Using 'UTF-8' encoding to copy filtered resources.
2023-04-19 13:26:25,205 [Worker-7: Building] INFO  o.e.m.c.i.embedder.EclipseLogger - skip non existing resourceDirectory D:\projects\Year-2023\Apr'23\Java Collections\codews\student-db-java-app\src\test\resources
2023-04-19 13:30:49,447 [Worker-32: reload maven project] INFO  o.e.m.c.i.e.AbstractTransferListenerAdapter - Downloading https://repo.maven.apache.org/maven2/org/postgresql/postgresql/42.5.1/postgresql-42.5.1.pom
2023-04-19 13:30:49,521 [Worker-32: reload maven project] INFO  o.e.m.c.i.e.AbstractTransferListenerAdapter - Downloaded https://repo.maven.apache.org/maven2/org/postgresql/postgresql/42.5.1/postgresql-42.5.1.pom
2023-04-19 13:30:49,559 [Worker-32: reload maven project] INFO  o.e.m.c.i.e.AbstractTransferListenerAdapter - Downloading https://repo.maven.apache.org/maven2/org/postgresql/postgresql/42.5.1/postgresql-42.5.1.jar
2023-04-19 13:30:49,827 [Worker-34: Building] INFO  o.e.m.c.i.l.LifecycleMappingFactory - Using org.eclipse.m2e.jdt.JarLifecycleMapping lifecycle mapping for MavenProject: com.training.example.java:student-db-java-app:0.0.1-SNAPSHOT @ D:\projects\Year-2023\Apr'23\Java Collections\codews\student-db-java-app\pom.xml.
2023-04-19 13:30:49,831 [Worker-32: reload maven project] INFO  o.e.m.c.i.e.AbstractTransferListenerAdapter - Downloaded https://repo.maven.apache.org/maven2/org/postgresql/postgresql/42.5.1/postgresql-42.5.1.jar
2023-04-19 13:30:50,002 [Worker-34: Building] INFO  o.e.m.c.i.embedder.EclipseLogger - Using 'UTF-8' encoding to copy filtered resources.
2023-04-19 13:30:50,002 [Worker-34: Building] INFO  o.e.m.c.i.embedder.EclipseLogger - skip non existing resourceDirectory D:\projects\Year-2023\Apr'23\Java Collections\codews\student-db-java-app\src\main\resources
2023-04-19 13:30:50,003 [Worker-34: Building] INFO  o.e.m.c.i.embedder.EclipseLogger - Using 'UTF-8' encoding to copy filtered resources.
2023-04-19 13:30:50,003 [Worker-34: Building] INFO  o.e.m.c.i.embedder.EclipseLogger - skip non existing resourceDirectory D:\projects\Year-2023\Apr'23\Java Collections\codews\student-db-java-app\src\test\resources
2023-04-19 13:30:51,019 [Worker-35: Download sources and javadoc] INFO  o.e.m.c.i.e.AbstractTransferListenerAdapter - Downloading https://repo.maven.apache.org/maven2/org/postgresql/postgresql/42.5.1/postgresql-42.5.1-sources.jar
2023-04-19 13:30:51,322 [Worker-30: Building] INFO  o.e.m.c.i.embedder.EclipseLogger - Using 'UTF-8' encoding to copy filtered resources.
2023-04-19 13:30:51,322 [Worker-30: Building] INFO  o.e.m.c.i.embedder.EclipseLogger - skip non existing resourceDirectory D:\projects\Year-2023\Apr'23\Java Collections\codews\student-db-java-app\src\main\resources
2023-04-19 13:30:51,323 [Worker-30: Building] INFO  o.e.m.c.i.embedder.EclipseLogger - Using 'UTF-8' encoding to copy filtered resources.
2023-04-19 13:30:51,323 [Worker-30: Building] INFO  o.e.m.c.i.embedder.EclipseLogger - skip non existing resourceDirectory D:\projects\Year-2023\Apr'23\Java Collections\codews\student-db-java-app\src\test\resources
2023-04-19 13:30:52,705 [Worker-35: Download sources and javadoc] INFO  o.e.m.c.i.e.AbstractTransferListenerAdapter - Downloaded https://repo.maven.apache.org/maven2/org/postgresql/postgresql/42.5.1/postgresql-42.5.1-sources.jar
2023-04-19 13:30:52,715 [Worker-35: Download sources and javadoc] INFO  o.e.m.j.internal.DownloadSourcesJob - Downloaded sources for org.postgresql:postgresql:42.5.1
2023-04-19 13:30:52,850 [Worker-34: Building] INFO  o.e.m.c.i.embedder.EclipseLogger - Using 'UTF-8' encoding to copy filtered resources.
2023-04-19 13:30:52,850 [Worker-34: Building] INFO  o.e.m.c.i.embedder.EclipseLogger - skip non existing resourceDirectory D:\projects\Year-2023\Apr'23\Java Collections\codews\student-db-java-app\src\main\resources
2023-04-19 13:30:52,852 [Worker-34: Building] INFO  o.e.m.c.i.embedder.EclipseLogger - Using 'UTF-8' encoding to copy filtered resources.
2023-04-19 13:30:52,852 [Worker-34: Building] INFO  o.e.m.c.i.embedder.EclipseLogger - skip non existing resourceDirectory D:\projects\Year-2023\Apr'23\Java Collections\codews\student-db-java-app\src\test\resources
2023-04-19 13:40:40,811 [Worker-35: Building] INFO  o.e.m.c.i.embedder.EclipseLogger - Using 'UTF-8' encoding to copy filtered resources.
2023-04-19 13:40:40,812 [Worker-35: Building] INFO  o.e.m.c.i.embedder.EclipseLogger - skip non existing resourceDirectory D:\projects\Year-2023\Apr'23\Java Collections\codews\student-db-java-app\src\main\resources
2023-04-19 13:40:40,814 [Worker-35: Building] INFO  o.e.m.c.i.embedder.EclipseLogger - Using 'UTF-8' encoding to copy filtered resources.
2023-04-19 13:40:40,814 [Worker-35: Building] INFO  o.e.m.c.i.embedder.EclipseLogger - skip non existing resourceDirectory D:\projects\Year-2023\Apr'23\Java Collections\codews\student-db-java-app\src\test\resources
2023-04-19 13:40:41,880 [Worker-38: Building] INFO  o.e.m.c.i.embedder.EclipseLogger - Using 'UTF-8' encoding to copy filtered resources.
2023-04-19 13:40:41,880 [Worker-38: Building] INFO  o.e.m.c.i.embedder.EclipseLogger - skip non existing resourceDirectory D:\projects\Year-2023\Apr'23\Java Collections\codews\student-db-java-app\src\main\resources
2023-04-19 13:40:41,881 [Worker-38: Building] INFO  o.e.m.c.i.embedder.EclipseLogger - Using 'UTF-8' encoding to copy filtered resources.
2023-04-19 13:40:41,881 [Worker-38: Building] INFO  o.e.m.c.i.embedder.EclipseLogger - skip non existing resourceDirectory D:\projects\Year-2023\Apr'23\Java Collections\codews\student-db-java-app\src\test\resources
2023-04-19 13:41:05,630 [Worker-38: Building] INFO  o.e.m.c.i.embedder.EclipseLogger - Using 'UTF-8' encoding to copy filtered resources.
2023-04-19 13:41:05,630 [Worker-38: Building] INFO  o.e.m.c.i.embedder.EclipseLogger - skip non existing resourceDirectory D:\projects\Year-2023\Apr'23\Java Collections\codews\student-db-java-app\src\main\resources
2023-04-19 13:41:05,632 [Worker-38: Building] INFO  o.e.m.c.i.embedder.EclipseLogger - Using 'UTF-8' encoding to copy filtered resources.
2023-04-19 13:41:05,633 [Worker-38: Building] INFO  o.e.m.c.i.embedder.EclipseLogger - skip non existing resourceDirectory D:\projects\Year-2023\Apr'23\Java Collections\codews\student-db-java-app\src\test\resources
2023-04-19 13:42:58,217 [Worker-30: Building] INFO  o.e.m.c.i.embedder.EclipseLogger - Using 'UTF-8' encoding to copy filtered resources.
2023-04-19 13:42:58,217 [Worker-30: Building] INFO  o.e.m.c.i.embedder.EclipseLogger - skip non existing resourceDirectory D:\projects\Year-2023\Apr'23\Java Collections\codews\student-db-java-app\src\main\resources
2023-04-19 13:42:58,218 [Worker-30: Building] INFO  o.e.m.c.i.embedder.EclipseLogger - Using 'UTF-8' encoding to copy filtered resources.
2023-04-19 13:42:58,218 [Worker-30: Building] INFO  o.e.m.c.i.embedder.EclipseLogger - skip non existing resourceDirectory D:\projects\Year-2023\Apr'23\Java Collections\codews\student-db-java-app\src\test\resources
2023-04-19 13:43:59,060 [Worker-30: Building] INFO  o.e.m.c.i.embedder.EclipseLogger - Using 'UTF-8' encoding to copy filtered resources.
2023-04-19 13:43:59,060 [Worker-30: Building] INFO  o.e.m.c.i.embedder.EclipseLogger - skip non existing resourceDirectory D:\projects\Year-2023\Apr'23\Java Collections\codews\student-db-java-app\src\main\resources
2023-04-19 13:43:59,063 [Worker-30: Building] INFO  o.e.m.c.i.embedder.EclipseLogger - Using 'UTF-8' encoding to copy filtered resources.
2023-04-19 13:43:59,063 [Worker-30: Building] INFO  o.e.m.c.i.embedder.EclipseLogger - skip non existing resourceDirectory D:\projects\Year-2023\Apr'23\Java Collections\codews\student-db-java-app\src\test\resources
2023-04-19 13:44:08,689 [Worker-39: Building] INFO  o.e.m.c.i.embedder.EclipseLogger - Using 'UTF-8' encoding to copy filtered resources.
2023-04-19 13:44:08,689 [Worker-39: Building] INFO  o.e.m.c.i.embedder.EclipseLogger - skip non existing resourceDirectory D:\projects\Year-2023\Apr'23\Java Collections\codews\student-db-java-app\src\main\resources
2023-04-19 13:44:08,690 [Worker-39: Building] INFO  o.e.m.c.i.embedder.EclipseLogger - Using 'UTF-8' encoding to copy filtered resources.
2023-04-19 13:44:08,690 [Worker-39: Building] INFO  o.e.m.c.i.embedder.EclipseLogger - skip non existing resourceDirectory D:\projects\Year-2023\Apr'23\Java Collections\codews\student-db-java-app\src\test\resources
2023-04-19 13:44:32,616 [Worker-30: Building] INFO  o.e.m.c.i.embedder.EclipseLogger - Using 'UTF-8' encoding to copy filtered resources.
2023-04-19 13:44:32,616 [Worker-30: Building] INFO  o.e.m.c.i.embedder.EclipseLogger - skip non existing resourceDirectory D:\projects\Year-2023\Apr'23\Java Collections\codews\student-db-java-app\src\main\resources
2023-04-19 13:44:32,617 [Worker-30: Building] INFO  o.e.m.c.i.embedder.EclipseLogger - Using 'UTF-8' encoding to copy filtered resources.
2023-04-19 13:44:32,617 [Worker-30: Building] INFO  o.e.m.c.i.embedder.EclipseLogger - skip non existing resourceDirectory D:\projects\Year-2023\Apr'23\Java Collections\codews\student-db-java-app\src\test\resources
2023-04-19 13:44:43,574 [Worker-35: Building] INFO  o.e.m.c.i.embedder.EclipseLogger - Using 'UTF-8' encoding to copy filtered resources.
2023-04-19 13:44:43,574 [Worker-35: Building] INFO  o.e.m.c.i.embedder.EclipseLogger - skip non existing resourceDirectory D:\projects\Year-2023\Apr'23\Java Collections\codews\student-db-java-app\src\main\resources
2023-04-19 13:44:43,574 [Worker-35: Building] INFO  o.e.m.c.i.embedder.EclipseLogger - Using 'UTF-8' encoding to copy filtered resources.
2023-04-19 13:44:43,574 [Worker-35: Building] INFO  o.e.m.c.i.embedder.EclipseLogger - skip non existing resourceDirectory D:\projects\Year-2023\Apr'23\Java Collections\codews\student-db-java-app\src\test\resources
2023-04-19 13:44:50,656 [Worker-40: Building] INFO  o.e.m.c.i.embedder.EclipseLogger - Using 'UTF-8' encoding to copy filtered resources.
2023-04-19 13:44:50,657 [Worker-40: Building] INFO  o.e.m.c.i.embedder.EclipseLogger - skip non existing resourceDirectory D:\projects\Year-2023\Apr'23\Java Collections\codews\student-db-java-app\src\main\resources
2023-04-19 13:44:50,659 [Worker-40: Building] INFO  o.e.m.c.i.embedder.EclipseLogger - Using 'UTF-8' encoding to copy filtered resources.
2023-04-19 13:44:50,660 [Worker-40: Building] INFO  o.e.m.c.i.embedder.EclipseLogger - skip non existing resourceDirectory D:\projects\Year-2023\Apr'23\Java Collections\codews\student-db-java-app\src\test\resources
2023-04-19 13:45:00,033 [Worker-39: Building] INFO  o.e.m.c.i.embedder.EclipseLogger - Using 'UTF-8' encoding to copy filtered resources.
2023-04-19 13:45:00,033 [Worker-39: Building] INFO  o.e.m.c.i.embedder.EclipseLogger - skip non existing resourceDirectory D:\projects\Year-2023\Apr'23\Java Collections\codews\student-db-java-app\src\main\resources
2023-04-19 13:45:00,034 [Worker-39: Building] INFO  o.e.m.c.i.embedder.EclipseLogger - Using 'UTF-8' encoding to copy filtered resources.
2023-04-19 13:45:00,034 [Worker-39: Building] INFO  o.e.m.c.i.embedder.EclipseLogger - skip non existing resourceDirectory D:\projects\Year-2023\Apr'23\Java Collections\codews\student-db-java-app\src\test\resources
2023-04-19 17:36:04,238 [Worker-62: Building] INFO  o.e.m.c.i.embedder.EclipseLogger - Using 'UTF-8' encoding to copy filtered resources.
2023-04-19 17:36:04,241 [Worker-62: Building] INFO  o.e.m.c.i.embedder.EclipseLogger - skip non existing resourceDirectory D:\projects\Year-2023\Apr'23\Java Collections\codews\student-db-java-app\src\main\resources
2023-04-19 17:36:04,243 [Worker-62: Building] INFO  o.e.m.c.i.embedder.EclipseLogger - Using 'UTF-8' encoding to copy filtered resources.
2023-04-19 17:36:04,243 [Worker-62: Building] INFO  o.e.m.c.i.embedder.EclipseLogger - skip non existing resourceDirectory D:\projects\Year-2023\Apr'23\Java Collections\codews\student-db-java-app\src\test\resources
2023-04-19 17:37:46,284 [Worker-61: Building] INFO  o.e.m.c.i.embedder.EclipseLogger - Using 'UTF-8' encoding to copy filtered resources.
2023-04-19 17:37:46,284 [Worker-61: Building] INFO  o.e.m.c.i.embedder.EclipseLogger - skip non existing resourceDirectory D:\projects\Year-2023\Apr'23\Java Collections\codews\student-db-java-app\src\main\resources
2023-04-19 17:37:46,285 [Worker-61: Building] INFO  o.e.m.c.i.embedder.EclipseLogger - Using 'UTF-8' encoding to copy filtered resources.
2023-04-19 17:37:46,286 [Worker-61: Building] INFO  o.e.m.c.i.embedder.EclipseLogger - skip non existing resourceDirectory D:\projects\Year-2023\Apr'23\Java Collections\codews\student-db-java-app\src\test\resources
2023-04-19 17:39:12,949 [Worker-64: Building] INFO  o.e.m.c.i.embedder.EclipseLogger - Using 'UTF-8' encoding to copy filtered resources.
2023-04-19 17:39:12,950 [Worker-64: Building] INFO  o.e.m.c.i.embedder.EclipseLogger - skip non existing resourceDirectory D:\projects\Year-2023\Apr'23\Java Collections\codews\student-db-java-app\src\main\resources
2023-04-19 17:39:12,954 [Worker-64: Building] INFO  o.e.m.c.i.embedder.EclipseLogger - Using 'UTF-8' encoding to copy filtered resources.
2023-04-19 17:39:12,954 [Worker-64: Building] INFO  o.e.m.c.i.embedder.EclipseLogger - skip non existing resourceDirectory D:\projects\Year-2023\Apr'23\Java Collections\codews\student-db-java-app\src\test\resources
2023-04-19 17:40:29,797 [Worker-64: Building] INFO  o.e.m.c.i.embedder.EclipseLogger - Using 'UTF-8' encoding to copy filtered resources.
2023-04-19 17:40:29,797 [Worker-64: Building] INFO  o.e.m.c.i.embedder.EclipseLogger - skip non existing resourceDirectory D:\projects\Year-2023\Apr'23\Java Collections\codews\student-db-java-app\src\main\resources
2023-04-19 17:40:29,799 [Worker-64: Building] INFO  o.e.m.c.i.embedder.EclipseLogger - Using 'UTF-8' encoding to copy filtered resources.
2023-04-19 17:40:29,799 [Worker-64: Building] INFO  o.e.m.c.i.embedder.EclipseLogger - skip non existing resourceDirectory D:\projects\Year-2023\Apr'23\Java Collections\codews\student-db-java-app\src\test\resources
2023-04-19 17:41:17,361 [Worker-64: Building] INFO  o.e.m.c.i.embedder.EclipseLogger - Using 'UTF-8' encoding to copy filtered resources.
2023-04-19 17:41:17,361 [Worker-64: Building] INFO  o.e.m.c.i.embedder.EclipseLogger - skip non existing resourceDirectory D:\projects\Year-2023\Apr'23\Java Collections\codews\student-db-java-app\src\main\resources
2023-04-19 17:41:17,362 [Worker-64: Building] INFO  o.e.m.c.i.embedder.EclipseLogger - Using 'UTF-8' encoding to copy filtered resources.
2023-04-19 17:41:17,362 [Worker-64: Building] INFO  o.e.m.c.i.embedder.EclipseLogger - skip non existing resourceDirectory D:\projects\Year-2023\Apr'23\Java Collections\codews\student-db-java-app\src\test\resources
2023-04-19 17:41:26,119 [Worker-66: Launching App] INFO  o.e.m.c.i.embedder.EclipseLogger - Using 'UTF-8' encoding to copy filtered resources.
2023-04-19 17:41:26,119 [Worker-66: Launching App] INFO  o.e.m.c.i.embedder.EclipseLogger - skip non existing resourceDirectory D:\projects\Year-2023\Apr'23\Java Collections\codews\student-db-java-app\src\main\resources
2023-04-19 17:41:26,120 [Worker-66: Launching App] INFO  o.e.m.c.i.embedder.EclipseLogger - Using 'UTF-8' encoding to copy filtered resources.
2023-04-19 17:41:26,120 [Worker-66: Launching App] INFO  o.e.m.c.i.embedder.EclipseLogger - skip non existing resourceDirectory D:\projects\Year-2023\Apr'23\Java Collections\codews\student-db-java-app\src\test\resources
2023-04-19 17:43:35,347 [Worker-62: Building] INFO  o.e.m.c.i.embedder.EclipseLogger - Using 'UTF-8' encoding to copy filtered resources.
2023-04-19 17:43:35,347 [Worker-62: Building] INFO  o.e.m.c.i.embedder.EclipseLogger - skip non existing resourceDirectory D:\projects\Year-2023\Apr'23\Java Collections\codews\student-db-java-app\src\main\resources
2023-04-19 17:43:35,347 [Worker-62: Building] INFO  o.e.m.c.i.embedder.EclipseLogger - Using 'UTF-8' encoding to copy filtered resources.
2023-04-19 17:43:35,348 [Worker-62: Building] INFO  o.e.m.c.i.embedder.EclipseLogger - skip non existing resourceDirectory D:\projects\Year-2023\Apr'23\Java Collections\codews\student-db-java-app\src\test\resources
2023-04-21 15:02:15,496 [Worker-2: Loading available Gradle versions] INFO  o.e.b.c.i.u.g.PublishedGradleVersions - Gradle version information cache is out-of-date. Trying to update.
2023-04-21 15:02:16,678 [Worker-2: Loading available Gradle versions] INFO  o.e.b.c.i.u.g.PublishedGradleVersions - Updating Gradle version information cache failed. Using outdated cache.
2023-04-21 15:15:18,076 [Worker-29: Building] INFO  o.e.m.c.i.embedder.EclipseLogger - Using 'UTF-8' encoding to copy filtered resources.
2023-04-21 15:15:18,076 [Worker-29: Building] INFO  o.e.m.c.i.embedder.EclipseLogger - skip non existing resourceDirectory D:\projects\Year-2023\Apr'23\Java Collections\codews\student-db-java-app\src\main\resources
2023-04-21 15:15:18,077 [Worker-29: Building] INFO  o.e.m.c.i.embedder.EclipseLogger - Using 'UTF-8' encoding to copy filtered resources.
2023-04-21 15:15:18,078 [Worker-29: Building] INFO  o.e.m.c.i.embedder.EclipseLogger - skip non existing resourceDirectory D:\projects\Year-2023\Apr'23\Java Collections\codews\student-db-java-app\src\test\resources
2023-04-21 15:24:05,619 [Worker-35: Building] INFO  o.e.m.c.i.embedder.EclipseLogger - Using 'UTF-8' encoding to copy filtered resources.
2023-04-21 15:24:05,619 [Worker-35: Building] INFO  o.e.m.c.i.embedder.EclipseLogger - skip non existing resourceDirectory D:\projects\Year-2023\Apr'23\Java Collections\codews\student-db-java-app\src\main\resources
2023-04-21 15:24:05,620 [Worker-35: Building] INFO  o.e.m.c.i.embedder.EclipseLogger - Using 'UTF-8' encoding to copy filtered resources.
2023-04-21 15:24:05,620 [Worker-35: Building] INFO  o.e.m.c.i.embedder.EclipseLogger - skip non existing resourceDirectory D:\projects\Year-2023\Apr'23\Java Collections\codews\student-db-java-app\src\test\resources
2023-04-21 15:25:05,913 [Worker-30: Launching TestStudent] INFO  o.e.m.c.i.embedder.EclipseLogger - Using 'UTF-8' encoding to copy filtered resources.
2023-04-21 15:25:05,914 [Worker-30: Launching TestStudent] INFO  o.e.m.c.i.embedder.EclipseLogger - skip non existing resourceDirectory D:\projects\Year-2023\Apr'23\Java Collections\codews\student-db-java-app\src\main\resources
2023-04-21 15:25:05,914 [Worker-30: Launching TestStudent] INFO  o.e.m.c.i.embedder.EclipseLogger - Using 'UTF-8' encoding to copy filtered resources.
2023-04-21 15:25:05,915 [Worker-30: Launching TestStudent] INFO  o.e.m.c.i.embedder.EclipseLogger - skip non existing resourceDirectory D:\projects\Year-2023\Apr'23\Java Collections\codews\student-db-java-app\src\test\resources
2023-04-21 15:29:02,193 [Worker-34: Building] INFO  o.e.m.c.i.embedder.EclipseLogger - Using 'UTF-8' encoding to copy filtered resources.
2023-04-21 15:29:02,193 [Worker-34: Building] INFO  o.e.m.c.i.embedder.EclipseLogger - skip non existing resourceDirectory D:\projects\Year-2023\Apr'23\Java Collections\codews\student-db-java-app\src\main\resources
2023-04-21 15:29:02,194 [Worker-34: Building] INFO  o.e.m.c.i.embedder.EclipseLogger - Using 'UTF-8' encoding to copy filtered resources.
2023-04-21 15:29:02,195 [Worker-34: Building] INFO  o.e.m.c.i.embedder.EclipseLogger - skip non existing resourceDirectory D:\projects\Year-2023\Apr'23\Java Collections\codews\student-db-java-app\src\test\resources
2023-04-21 15:29:11,783 [Worker-4: Building] INFO  o.e.m.c.i.embedder.EclipseLogger - Using 'UTF-8' encoding to copy filtered resources.
2023-04-21 15:29:11,783 [Worker-4: Building] INFO  o.e.m.c.i.embedder.EclipseLogger - skip non existing resourceDirectory D:\projects\Year-2023\Apr'23\Java Collections\codews\student-db-java-app\src\main\resources
2023-04-21 15:29:11,784 [Worker-4: Building] INFO  o.e.m.c.i.embedder.EclipseLogger - Using 'UTF-8' encoding to copy filtered resources.
2023-04-21 15:29:11,784 [Worker-4: Building] INFO  o.e.m.c.i.embedder.EclipseLogger - skip non existing resourceDirectory D:\projects\Year-2023\Apr'23\Java Collections\codews\student-db-java-app\src\test\resources
2023-04-21 15:32:20,534 [Worker-37: Building] INFO  o.e.m.c.i.embedder.EclipseLogger - Using 'UTF-8' encoding to copy filtered resources.
2023-04-21 15:32:20,534 [Worker-37: Building] INFO  o.e.m.c.i.embedder.EclipseLogger - skip non existing resourceDirectory D:\projects\Year-2023\Apr'23\Java Collections\codews\student-db-java-app\src\main\resources
2023-04-21 15:32:20,535 [Worker-37: Building] INFO  o.e.m.c.i.embedder.EclipseLogger - Using 'UTF-8' encoding to copy filtered resources.
2023-04-21 15:32:20,535 [Worker-37: Building] INFO  o.e.m.c.i.embedder.EclipseLogger - skip non existing resourceDirectory D:\projects\Year-2023\Apr'23\Java Collections\codews\student-db-java-app\src\test\resources
2023-04-21 15:34:22,491 [Worker-40: Building] INFO  o.e.m.c.i.embedder.EclipseLogger - Using 'UTF-8' encoding to copy filtered resources.
2023-04-21 15:34:22,491 [Worker-40: Building] INFO  o.e.m.c.i.embedder.EclipseLogger - skip non existing resourceDirectory D:\projects\Year-2023\Apr'23\Java Collections\codews\student-db-java-app\src\main\resources
2023-04-21 15:34:22,492 [Worker-40: Building] INFO  o.e.m.c.i.embedder.EclipseLogger - Using 'UTF-8' encoding to copy filtered resources.
2023-04-21 15:34:22,492 [Worker-40: Building] INFO  o.e.m.c.i.embedder.EclipseLogger - skip non existing resourceDirectory D:\projects\Year-2023\Apr'23\Java Collections\codews\student-db-java-app\src\test\resources
2023-04-21 15:41:22,776 [Worker-46: Building] INFO  o.e.m.c.i.embedder.EclipseLogger - Using 'UTF-8' encoding to copy filtered resources.
2023-04-21 15:41:22,776 [Worker-46: Building] INFO  o.e.m.c.i.embedder.EclipseLogger - skip non existing resourceDirectory D:\projects\Year-2023\Apr'23\Java Collections\codews\student-db-java-app\src\main\resources
2023-04-21 15:41:22,778 [Worker-46: Building] INFO  o.e.m.c.i.embedder.EclipseLogger - Using 'UTF-8' encoding to copy filtered resources.
2023-04-21 15:41:22,778 [Worker-46: Building] INFO  o.e.m.c.i.embedder.EclipseLogger - skip non existing resourceDirectory D:\projects\Year-2023\Apr'23\Java Collections\codews\student-db-java-app\src\test\resources
2023-04-21 15:44:44,445 [Worker-48: Building] INFO  o.e.m.c.i.embedder.EclipseLogger - Using 'UTF-8' encoding to copy filtered resources.
2023-04-21 15:44:44,446 [Worker-48: Building] INFO  o.e.m.c.i.embedder.EclipseLogger - skip non existing resourceDirectory D:\projects\Year-2023\Apr'23\Java Collections\codews\student-db-java-app\src\main\resources
2023-04-21 15:44:44,448 [Worker-48: Building] INFO  o.e.m.c.i.embedder.EclipseLogger - Using 'UTF-8' encoding to copy filtered resources.
2023-04-21 15:44:44,449 [Worker-48: Building] INFO  o.e.m.c.i.embedder.EclipseLogger - skip non existing resourceDirectory D:\projects\Year-2023\Apr'23\Java Collections\codews\student-db-java-app\src\test\resources
2023-04-21 15:46:36,436 [Worker-43: Building] INFO  o.e.m.c.i.embedder.EclipseLogger - Using 'UTF-8' encoding to copy filtered resources.
2023-04-21 15:46:36,437 [Worker-43: Building] INFO  o.e.m.c.i.embedder.EclipseLogger - skip non existing resourceDirectory D:\projects\Year-2023\Apr'23\Java Collections\codews\student-db-java-app\src\main\resources
2023-04-21 15:46:36,437 [Worker-43: Building] INFO  o.e.m.c.i.embedder.EclipseLogger - Using 'UTF-8' encoding to copy filtered resources.
2023-04-21 15:46:36,437 [Worker-43: Building] INFO  o.e.m.c.i.embedder.EclipseLogger - skip non existing resourceDirectory D:\projects\Year-2023\Apr'23\Java Collections\codews\student-db-java-app\src\test\resources
2023-04-21 15:51:42,549 [Worker-48: Building] INFO  o.e.m.c.i.embedder.EclipseLogger - Using 'UTF-8' encoding to copy filtered resources.
2023-04-21 15:51:42,549 [Worker-48: Building] INFO  o.e.m.c.i.embedder.EclipseLogger - skip non existing resourceDirectory D:\projects\Year-2023\Apr'23\Java Collections\codews\student-db-java-app\src\main\resources
2023-04-21 15:51:42,550 [Worker-48: Building] INFO  o.e.m.c.i.embedder.EclipseLogger - Using 'UTF-8' encoding to copy filtered resources.
2023-04-21 15:51:42,550 [Worker-48: Building] INFO  o.e.m.c.i.embedder.EclipseLogger - skip non existing resourceDirectory D:\projects\Year-2023\Apr'23\Java Collections\codews\student-db-java-app\src\test\resources
2023-04-21 15:58:25,468 [Worker-52: Launching App] INFO  o.e.m.c.i.embedder.EclipseLogger - Using 'UTF-8' encoding to copy filtered resources.
2023-04-21 15:58:25,468 [Worker-52: Launching App] INFO  o.e.m.c.i.embedder.EclipseLogger - skip non existing resourceDirectory D:\projects\Year-2023\Apr'23\Java Collections\codews\student-db-java-app\src\main\resources
2023-04-21 15:58:25,469 [Worker-52: Launching App] INFO  o.e.m.c.i.embedder.EclipseLogger - Using 'UTF-8' encoding to copy filtered resources.
2023-04-21 15:58:25,469 [Worker-52: Launching App] INFO  o.e.m.c.i.embedder.EclipseLogger - skip non existing resourceDirectory D:\projects\Year-2023\Apr'23\Java Collections\codews\student-db-java-app\src\test\resources
2023-04-24 10:03:49,478 [Worker-3: Loading available Gradle versions] INFO  o.e.b.c.i.u.g.PublishedGradleVersions - Gradle version information cache is out-of-date. Trying to update.
2023-04-24 10:03:50,179 [Worker-3: Loading available Gradle versions] INFO  o.e.b.c.i.u.g.PublishedGradleVersions - Updating Gradle version information cache failed. Using outdated cache.
2023-04-24 10:04:34,283 [Worker-21: Creating maven-archetype-quickstart] INFO  o.e.m.c.i.p.ProjectConfigurationManager - Collecting project info '/pom.xml' D:\projects\Year-2023\Apr'23\Java Collections\codews\list-collection-demo\pom.xml
2023-04-24 10:04:38,026 [Worker-21: Creating maven-archetype-quickstart] INFO  o.e.m.c.i.l.LifecycleMappingFactory - Using org.eclipse.m2e.jdt.JarLifecycleMapping lifecycle mapping for MavenProject: com.training.example.java:list-collection-demo:0.0.1-SNAPSHOT @ D:\projects\Year-2023\Apr'23\Java Collections\codews\list-collection-demo\pom.xml.
2023-04-24 10:04:39,989 [Worker-21: Creating maven-archetype-quickstart] INFO  o.e.m.j.i.AbstractJavaProjectConfigurator - Adding source folder /list-collection-demo/src/main/java
2023-04-24 10:04:40,005 [Worker-21: Creating maven-archetype-quickstart] INFO  o.e.m.j.i.AbstractJavaProjectConfigurator - Adding source folder /list-collection-demo/src/test/java
2023-04-24 10:04:40,212 [Worker-21: Creating maven-archetype-quickstart] INFO  o.e.m.c.i.p.ProjectConfigurationManager - Imported and configured 1 project(s) in 5 sec
2023-04-24 10:04:40,841 [Worker-13: Building] INFO  o.e.m.c.i.embedder.EclipseLogger - Using 'UTF-8' encoding to copy filtered resources.
2023-04-24 10:04:40,842 [Worker-13: Building] INFO  o.e.m.c.i.embedder.EclipseLogger - skip non existing resourceDirectory D:\projects\Year-2023\Apr'23\Java Collections\codews\list-collection-demo\src\main\resources
2023-04-24 10:04:40,843 [Worker-13: Building] INFO  o.e.m.c.i.embedder.EclipseLogger - Using 'UTF-8' encoding to copy filtered resources.
2023-04-24 10:04:40,844 [Worker-13: Building] INFO  o.e.m.c.i.embedder.EclipseLogger - skip non existing resourceDirectory D:\projects\Year-2023\Apr'23\Java Collections\codews\list-collection-demo\src\test\resources
2023-04-24 10:05:11,685 [Worker-1: Building] INFO  o.e.m.c.i.l.LifecycleMappingFactory - Using org.eclipse.m2e.jdt.JarLifecycleMapping lifecycle mapping for MavenProject: com.training.example.java:list-collection-demo:0.0.1-SNAPSHOT @ D:\projects\Year-2023\Apr'23\Java Collections\codews\list-collection-demo\pom.xml.
2023-04-24 10:05:12,338 [Worker-1: Building] INFO  o.e.m.c.i.embedder.EclipseLogger - Using 'UTF-8' encoding to copy filtered resources.
2023-04-24 10:05:12,338 [Worker-1: Building] INFO  o.e.m.c.i.embedder.EclipseLogger - skip non existing resourceDirectory D:\projects\Year-2023\Apr'23\Java Collections\codews\list-collection-demo\src\main\resources
2023-04-24 10:05:12,342 [Worker-1: Building] INFO  o.e.m.c.i.embedder.EclipseLogger - Using 'UTF-8' encoding to copy filtered resources.
2023-04-24 10:05:12,342 [Worker-1: Building] INFO  o.e.m.c.i.embedder.EclipseLogger - skip non existing resourceDirectory D:\projects\Year-2023\Apr'23\Java Collections\codews\list-collection-demo\src\test\resources
2023-04-24 10:46:35,573 [Worker-36: Building] INFO  o.e.m.c.i.embedder.EclipseLogger - Using 'UTF-8' encoding to copy filtered resources.
2023-04-24 10:46:35,573 [Worker-36: Building] INFO  o.e.m.c.i.embedder.EclipseLogger - skip non existing resourceDirectory D:\projects\Year-2023\Apr'23\Java Collections\codews\list-collection-demo\src\main\resources
2023-04-24 10:46:35,574 [Worker-36: Building] INFO  o.e.m.c.i.embedder.EclipseLogger - Using 'UTF-8' encoding to copy filtered resources.
2023-04-24 10:46:35,574 [Worker-36: Building] INFO  o.e.m.c.i.embedder.EclipseLogger - skip non existing resourceDirectory D:\projects\Year-2023\Apr'23\Java Collections\codews\list-collection-demo\src\test\resources
2023-04-24 10:47:06,890 [Worker-35: Building] INFO  o.e.m.c.i.embedder.EclipseLogger - Using 'UTF-8' encoding to copy filtered resources.
2023-04-24 10:47:06,890 [Worker-35: Building] INFO  o.e.m.c.i.embedder.EclipseLogger - skip non existing resourceDirectory D:\projects\Year-2023\Apr'23\Java Collections\codews\list-collection-demo\src\main\resources
2023-04-24 10:47:06,891 [Worker-35: Building] INFO  o.e.m.c.i.embedder.EclipseLogger - Using 'UTF-8' encoding to copy filtered resources.
2023-04-24 10:47:06,892 [Worker-35: Building] INFO  o.e.m.c.i.embedder.EclipseLogger - skip non existing resourceDirectory D:\projects\Year-2023\Apr'23\Java Collections\codews\list-collection-demo\src\test\resources
2023-04-24 10:47:30,207 [Worker-35: Building] INFO  o.e.m.c.i.embedder.EclipseLogger - Using 'UTF-8' encoding to copy filtered resources.
2023-04-24 10:47:30,208 [Worker-35: Building] INFO  o.e.m.c.i.embedder.EclipseLogger - skip non existing resourceDirectory D:\projects\Year-2023\Apr'23\Java Collections\codews\list-collection-demo\src\main\resources
2023-04-24 10:47:30,208 [Worker-35: Building] INFO  o.e.m.c.i.embedder.EclipseLogger - Using 'UTF-8' encoding to copy filtered resources.
2023-04-24 10:47:30,208 [Worker-35: Building] INFO  o.e.m.c.i.embedder.EclipseLogger - skip non existing resourceDirectory D:\projects\Year-2023\Apr'23\Java Collections\codews\list-collection-demo\src\test\resources
2023-04-24 10:48:22,111 [Worker-36: Building] INFO  o.e.m.c.i.embedder.EclipseLogger - Using 'UTF-8' encoding to copy filtered resources.
2023-04-24 10:48:22,111 [Worker-36: Building] INFO  o.e.m.c.i.embedder.EclipseLogger - skip non existing resourceDirectory D:\projects\Year-2023\Apr'23\Java Collections\codews\list-collection-demo\src\main\resources
2023-04-24 10:48:22,112 [Worker-36: Building] INFO  o.e.m.c.i.embedder.EclipseLogger - Using 'UTF-8' encoding to copy filtered resources.
2023-04-24 10:48:22,112 [Worker-36: Building] INFO  o.e.m.c.i.embedder.EclipseLogger - skip non existing resourceDirectory D:\projects\Year-2023\Apr'23\Java Collections\codews\list-collection-demo\src\test\resources
2023-04-24 15:36:46,072 [Worker-135: Building] INFO  o.e.m.c.i.l.LifecycleMappingFactory - Using org.eclipse.m2e.jdt.JarLifecycleMapping lifecycle mapping for MavenProject: com.training.example.java:student-db-java-app:0.0.1-SNAPSHOT @ D:\projects\Year-2023\Apr'23\Java Collections\codews\student-db-java-app\pom.xml.
2023-04-24 15:36:46,471 [Worker-135: Building] INFO  o.e.m.c.i.embedder.EclipseLogger - Using 'UTF-8' encoding to copy filtered resources.
2023-04-24 15:36:46,471 [Worker-135: Building] INFO  o.e.m.c.i.embedder.EclipseLogger - skip non existing resourceDirectory D:\projects\Year-2023\Apr'23\Java Collections\codews\student-db-java-app\src\main\resources
2023-04-24 15:36:46,473 [Worker-135: Building] INFO  o.e.m.c.i.embedder.EclipseLogger - Using 'UTF-8' encoding to copy filtered resources.
2023-04-24 15:36:46,473 [Worker-135: Building] INFO  o.e.m.c.i.embedder.EclipseLogger - skip non existing resourceDirectory D:\projects\Year-2023\Apr'23\Java Collections\codews\student-db-java-app\src\test\resources
